<?xml version="1.0" encoding="UTF-8"?>
<testng-results skipped="0" failed="0" ignored="0" total="1" passed="1">
  <reporter-output>
  </reporter-output>
  <suite name="Default suite" duration-ms="5127" started-at="2018-10-21T14:15:25Z" finished-at="2018-10-21T14:15:30Z">
    <groups>
    </groups>
    <test name="Default test" duration-ms="5127" started-at="2018-10-21T14:15:25Z" finished-at="2018-10-21T14:15:30Z">
      <class name="SeleniumBasics.BarcodeReading">
        <test-method status="PASS" signature="bankTest()[pri:0, instance:SeleniumBasics.BarcodeReading@3f4d3d]" name="bankTest" duration-ms="5091" started-at="2018-10-21T14:15:25Z" finished-at="2018-10-21T14:15:30Z">
          <reporter-output>
          </reporter-output>
        </test-method> <!-- bankTest -->
      </class> <!-- SeleniumBasics.BarcodeReading -->
    </test> <!-- Default test -->
  </suite> <!-- Default suite -->
</testng-results>
