<?xml version="1.0" encoding="UTF-8"?>
<testng-results ignored="0" total="1" passed="1" failed="0" skipped="0">
  <reporter-output>
  </reporter-output>
  <suite started-at="2018-10-03T00:18:13Z" name="Selion Test" finished-at="2018-10-03T00:18:29Z" duration-ms="15534">
    <groups>
    </groups>
    <test started-at="2018-10-03T00:18:13Z" name="SampleTest" finished-at="2018-10-03T00:18:29Z" duration-ms="15534">
      <class name="SelionPkg.SelionBasic">
        <test-method signature="DemoTest1()[pri:0, instance:SelionPkg.SelionBasic@3eb91815]" started-at="2018-10-03T00:18:13Z" name="DemoTest1" finished-at="2018-10-03T00:18:28Z" duration-ms="14893" status="PASS">
          <reporter-output>
          </reporter-output>
        </test-method> <!-- DemoTest1 -->
      </class> <!-- SelionPkg.SelionBasic -->
    </test> <!-- SampleTest -->
  </suite> <!-- Selion Test -->
</testng-results>
