<?xml version="1.0" encoding="UTF-8"?><testsuite errors="1" failures="0" name="JUnitRunner.JUnitRunner" skipped="0" tests="1" time="0.0" timestamp="2018-10-04 01:43:19"><testcase classname="JUnitRunner.JUnitRunner" name="Initialisation"><error message="org.openqa.selenium.WebDriverException--&gt;Timed out waiting for driver server to start.&#10;Build info: version: '3.14.0', revision: 'aacccce0', time: '2018-08-02T20:19:58.91Z'&#10;System info: host: 'LK-KAM', ip: '10.171.63.249', os.name: 'Windows 10', os.arch: 'x86', os.version: '10.0', java.version: '1.8.0_181'&#10;Driver info: driver.version: ChromeDriver" type="net.sf.cglib.core.CodeGenerationException">org.openqa.selenium.WebDriverException--&gt;Timed out waiting for driver server to start.
Build info: version: '3.14.0', revision: 'aacccce0', time: '2018-08-02T20:19:58.91Z'
System info: host: 'LK-KAM', ip: '10.171.63.249', os.name: 'Windows 10', os.arch: 'x86', os.version: '10.0', java.version: '1.8.0_181'
Driver info: driver.version: ChromeDriver</error><system-err>org.openqa.selenium.WebDriverException--&gt;Timed out waiting for driver server to start.
Build info: version: '3.14.0', revision: 'aacccce0', time: '2018-08-02T20:19:58.91Z'
System info: host: 'LK-KAM', ip: '10.171.63.249', os.name: 'Windows 10', os.arch: 'x86', os.version: '10.0', java.version: '1.8.0_181'
Driver info: driver.version: ChromeDriver&#13;
org.eclipse.jdt.internal.junit4.runner.JUnit4TestReference.run(JUnit4TestReference.java:86)&#13;
org.eclipse.jdt.internal.junit.runner.TestExecution.run(TestExecution.java:38)&#13;
org.eclipse.jdt.internal.junit.runner.RemoteTestRunner.runTests(RemoteTestRunner.java:538)&#13;
org.eclipse.jdt.internal.junit.runner.RemoteTestRunner.runTests(RemoteTestRunner.java:760)&#13;
org.eclipse.jdt.internal.junit.runner.RemoteTestRunner.run(RemoteTestRunner.java:460)&#13;
org.eclipse.jdt.internal.junit.runner.RemoteTestRunner.main(RemoteTestRunner.java:206)&#13;
</system-err></testcase></testsuite>