<?xml version="1.0" encoding="UTF-8"?>
<testng-results ignored="0" total="1" passed="1" failed="0" skipped="0">
  <reporter-output>
  </reporter-output>
  <suite started-at="2018-09-26T01:40:03Z" name="Default suite" finished-at="2018-09-26T01:40:42Z" duration-ms="39605">
    <groups>
    </groups>
    <test started-at="2018-09-26T01:40:03Z" name="Default test" finished-at="2018-09-26T01:40:42Z" duration-ms="39605">
      <class name="SeleniumBasics.SearchGoogle">
        <test-method signature="testSearch()[pri:0, instance:SeleniumBasics.SearchGoogle@7f485fda]" started-at="2018-09-26T01:40:03Z" name="testSearch" finished-at="2018-09-26T01:40:42Z" duration-ms="39580" status="PASS">
          <reporter-output>
          </reporter-output>
        </test-method> <!-- testSearch -->
      </class> <!-- SeleniumBasics.SearchGoogle -->
    </test> <!-- Default test -->
  </suite> <!-- Default suite -->
</testng-results>
