<?xml version="1.0" encoding="UTF-8"?>
<testng-results skipped="0" failed="0" ignored="0" total="1" passed="1">
  <reporter-output>
  </reporter-output>
  <suite name="Default suite" duration-ms="5702" started-at="2018-10-23T00:17:45Z" finished-at="2018-10-23T00:17:50Z">
    <groups>
    </groups>
    <test name="Default test" duration-ms="5702" started-at="2018-10-23T00:17:45Z" finished-at="2018-10-23T00:17:50Z">
      <class name="SeleniumBasics.BarcodeReading">
        <test-method status="PASS" signature="Barcode_Selenium()[pri:0, instance:SeleniumBasics.BarcodeReading@85bdee]" name="Barcode_Selenium" duration-ms="5671" started-at="2018-10-23T00:17:45Z" finished-at="2018-10-23T00:17:50Z">
          <reporter-output>
          </reporter-output>
        </test-method> <!-- Barcode_Selenium -->
      </class> <!-- SeleniumBasics.BarcodeReading -->
    </test> <!-- Default test -->
  </suite> <!-- Default suite -->
</testng-results>
